<?xml version="1.0" encoding="UTF-8"?>
<testsuite xmlns:xsi="http://www.w3.org/2001/XMLSchema-instance" xsi:noNamespaceSchemaLocation="https://maven.apache.org/surefire/maven-surefire-plugin/xsd/surefire-test-report-3.0.xsd" version="3.0" name="com.example.myapp.MyFirstTest" time="0.003" tests="0" errors="0" skipped="0" failures="0">
  <properties>
    <property name="java.specification.version" value="13"/>
    <property name="sun.jnu.encoding" value="UTF-8"/>
    <property name="java.class.path" value="/home/steve/TestCodeRad/test/common/target/test-classes:/home/steve/TestCodeRad/test/common/target/classes:/home/steve/.m2/repository/com/codenameone/codenameone-core/7.0.58/codenameone-core-7.0.58.jar:/home/steve/.m2/repository/com/codenameone/coderad-common/2.0.1/coderad-common-2.0.1.jar:/home/steve/.m2/repository/com/codenameone/coderad-annotation-processor/2.0.1/coderad-annotation-processor-2.0.1.jar:/home/steve/.m2/repository/com/codenameone/coderad-annotations/2.0.1/coderad-annotations-2.0.1.jar:/home/steve/.m2/repository/com/squareup/javapoet/1.13.0/javapoet-1.13.0.jar:/home/steve/.m2/repository/org/apache/commons/commons-text/1.9/commons-text-1.9.jar:/home/steve/.m2/repository/org/apache/commons/commons-lang3/3.11/commons-lang3-3.11.jar:"/>
    <property name="java.vm.vendor" value="Oracle Corporation"/>
    <property name="sun.arch.data.model" value="64"/>
    <property name="java.vendor.url" value="https://java.oracle.com/"/>
    <property name="os.name" value="Linux"/>
    <property name="java.vm.specification.version" value="13"/>
    <property name="sun.java.launcher" value="SUN_STANDARD"/>
    <property name="user.country" value="US"/>
    <property name="sun.boot.library.path" value="/usr/lib/jvm/java-13-oracle/lib"/>
    <property name="sun.java.command" value="/home/steve/TestCodeRad/test/common/target/surefire/surefirebooter9496831871305118125.jar /home/steve/TestCodeRad/test/common/target/surefire 2022-08-24T21-41-19_802-jvmRun1 surefire15342058015702571241tmp surefire_016866060108023959729tmp"/>
    <property name="jdk.debug" value="release"/>
    <property name="surefire.test.class.path" value="/home/steve/TestCodeRad/test/common/target/test-classes:/home/steve/TestCodeRad/test/common/target/classes:/home/steve/.m2/repository/com/codenameone/codenameone-core/7.0.58/codenameone-core-7.0.58.jar:/home/steve/.m2/repository/com/codenameone/coderad-common/2.0.1/coderad-common-2.0.1.jar:/home/steve/.m2/repository/com/codenameone/coderad-annotation-processor/2.0.1/coderad-annotation-processor-2.0.1.jar:/home/steve/.m2/repository/com/codenameone/coderad-annotations/2.0.1/coderad-annotations-2.0.1.jar:/home/steve/.m2/repository/com/squareup/javapoet/1.13.0/javapoet-1.13.0.jar:/home/steve/.m2/repository/org/apache/commons/commons-text/1.9/commons-text-1.9.jar:/home/steve/.m2/repository/org/apache/commons/commons-lang3/3.11/commons-lang3-3.11.jar:"/>
    <property name="sun.cpu.endian" value="little"/>
    <property name="user.home" value="/home/steve"/>
    <property name="user.language" value="en"/>
    <property name="java.specification.vendor" value="Oracle Corporation"/>
    <property name="java.version.date" value="2020-01-14"/>
    <property name="java.home" value="/usr/lib/jvm/java-13-oracle"/>
    <property name="file.separator" value="/"/>
    <property name="basedir" value="/home/steve/TestCodeRad/test/common"/>
    <property name="java.vm.compressedOopsMode" value="Zero based"/>
    <property name="line.separator" value="&#10;"/>
    <property name="java.vm.specification.vendor" value="Oracle Corporation"/>
    <property name="java.specification.name" value="Java Platform API Specification"/>
    <property name="surefire.real.class.path" value="/home/steve/TestCodeRad/test/common/target/surefire/surefirebooter9496831871305118125.jar"/>
    <property name="sun.management.compiler" value="HotSpot 64-Bit Tiered Compilers"/>
    <property name="java.runtime.version" value="13.0.2+8"/>
    <property name="user.name" value="steve"/>
    <property name="path.separator" value=":"/>
    <property name="os.version" value="4.15.0-189-generic"/>
    <property name="java.runtime.name" value="Java(TM) SE Runtime Environment"/>
    <property name="file.encoding" value="UTF-8"/>
    <property name="java.vm.name" value="Java HotSpot(TM) 64-Bit Server VM"/>
    <property name="localRepository" value="/home/steve/.m2/repository"/>
    <property name="java.vendor.url.bug" value="https://bugreport.java.com/bugreport/"/>
    <property name="java.io.tmpdir" value="/tmp"/>
    <property name="java.version" value="13.0.2"/>
    <property name="user.dir" value="/home/steve/TestCodeRad/test/common"/>
    <property name="os.arch" value="amd64"/>
    <property name="java.vm.specification.name" value="Java Virtual Machine Specification"/>
    <property name="java.library.path" value="/usr/java/packages/lib:/usr/lib64:/lib64:/lib:/usr/lib"/>
    <property name="java.vm.info" value="mixed mode, sharing"/>
    <property name="java.vendor" value="Oracle Corporation"/>
    <property name="java.vm.version" value="13.0.2+8"/>
    <property name="sun.io.unicode.encoding" value="UnicodeLittle"/>
    <property name="java.class.version" value="57.0"/>
  </properties>
</testsuite>